
**** Build of configuration Debug for project tirtos_builds_MSP_EXP432P401R_release_ccs ****

"C:\\ti\\ccs900\\ccs\\utils\\bin\\gmake" -k -j 12 all -O 
 
Building file: "../release.cfg"
Invoking: XDCtools
"C:/ti/ccs900/xdctools_3_60_01_27_core/xs" --xdcpath="C:/ti/simplelink_msp432p4_sdk_3_30_00_13/source;C:/ti/simplelink_msp432p4_sdk_3_30_00_13/kernel/tirtos/packages;" xdc.tools.configuro -o configPkg -t ti.targets.arm.elf.M4F -p ti.platforms.msp432:MSP432P401R -r release -c "C:/ti/ccs900/ccs/tools/compiler/ti-cgt-arm_18.12.3.LTS" "../release.cfg"
making package.mak (because of package.bld) ...
generating interfaces for package configPkg (because package/package.xdc.inc is older than package.xdc) ...
configuring release.xem4f from package/cfg/release_pem4f.cfg ...
generating custom ti.sysbios library makefile ... 
Starting build of library sources ...
making C:/Users/Ted/Desktop/MSP432P401R_MPU6050_Workspace/tirtos_builds_MSP_EXP432P401R_release_ccs/src/sysbios/sysbios.aem4f ...
clem4f C:/ti/simplelink_msp432p4_sdk_3_30_00_13/kernel/tirtos/packages/ti/sysbios/BIOS.c ...
asmem4f C:/ti/simplelink_msp432p4_sdk_3_30_00_13/kernel/tirtos/packages/ti/sysbios/family/arm/m3/Hwi_asm.sv7M ...
asmem4f C:/ti/simplelink_msp432p4_sdk_3_30_00_13/kernel/tirtos/packages/ti/sysbios/family/arm/m3/Hwi_asm_switch.sv7M ...
asmem4f C:/ti/simplelink_msp432p4_sdk_3_30_00_13/kernel/tirtos/packages/ti/sysbios/family/arm/m3/IntrinsicsSupport_asm.sv7M ...
asmem4f C:/ti/simplelink_msp432p4_sdk_3_30_00_13/kernel/tirtos/packages/ti/sysbios/family/arm/m3/TaskSupport_asm.sv7M ...
arem4f BIOS.obj m3_Hwi_asm.obj m3_Hwi_asm_switch.obj m3_IntrinsicsSupport_asm.obj m3_TaskSupport_asm.obj ...
Build of libraries done.
clem4f package/cfg/release_pem4f.c ...
Finished building: "../release.cfg"
 
        1 file(s) copied.
making ../src/sysbios/sysbios.aem4f ...
gmake[1]: Nothing to be done for 'all'.
gmake[1]: Nothing to be done for 'configPkg/linker.cmd'.
making ../src/sysbios/sysbios.aem4f ...
gmake[2]: Nothing to be done for 'all'.

**** Build Finished ****

**** Build of configuration Debug for project i2cmasterexample1_MSP_EXP432P401R_tirtos_ccs ****

"C:\\ti\\ccs900\\ccs\\utils\\bin\\gmake" -k -j 12 all -O 
 
Building file: "../i2cmasterexample1.syscfg"
Invoking: SysConfig
"C:/ti/ccs900/ccs/utils/sysconfig/sysconfig_cli.bat" -s "C:/ti/simplelink_msp432p4_sdk_3_30_00_13/.metadata/product.json" -o "syscfg" "../i2cmasterexample1.syscfg"
Running script...
Validating...
Generating Code...
Writing C:\Users\Ted\Desktop\MSP432P401R_MPU6050_Workspace\i2cmasterexample1_MSP_EXP432P401R_tirtos_ccs\Debug\syscfg\ti_drivers_config.c...
Writing C:\Users\Ted\Desktop\MSP432P401R_MPU6050_Workspace\i2cmasterexample1_MSP_EXP432P401R_tirtos_ccs\Debug\syscfg\ti_drivers_config.h...
Writing C:\Users\Ted\Desktop\MSP432P401R_MPU6050_Workspace\i2cmasterexample1_MSP_EXP432P401R_tirtos_ccs\Debug\syscfg\syscfg_c.rov.xs...
Finished building: "../i2cmasterexample1.syscfg"
 
Building file: "../i2cmasterexample1.c"
Invoking: ARM Compiler
"C:/ti/ccs900/ccs/tools/compiler/ti-cgt-arm_18.12.3.LTS/bin/armcl" -mv7M4 --code_state=16 --float_support=FPv4SPD16 -me --include_path="C:/Users/Ted/Desktop/MSP432P401R_MPU6050_Workspace/i2cmasterexample1_MSP_EXP432P401R_tirtos_ccs" --include_path="C:/Users/Ted/Desktop/MSP432P401R_MPU6050_Workspace/i2cmasterexample1_MSP_EXP432P401R_tirtos_ccs/Debug" --include_path="C:/ti/simplelink_msp432p4_sdk_3_30_00_13/source" --include_path="C:/ti/simplelink_msp432p4_sdk_3_30_00_13/source/third_party/CMSIS/Include" --include_path="C:/ti/simplelink_msp432p4_sdk_3_30_00_13/source/ti/posix/ccs" --include_path="C:/ti/ccs900/ccs/tools/compiler/ti-cgt-arm_18.12.3.LTS/include" --advice:power=none -g --diag_warning=225 --diag_warning=255 --diag_wrap=off --display_error_number --gen_func_subsections=on --preproc_with_compile --preproc_dependency="i2cmasterexample1.d_raw" --include_path="C:/Users/Ted/Desktop/MSP432P401R_MPU6050_Workspace/i2cmasterexample1_MSP_EXP432P401R_tirtos_ccs/Debug/syscfg" --cmd_file="C:/Users/Ted/Desktop/MSP432P401R_MPU6050_Workspace/tirtos_builds_MSP_EXP432P401R_release_ccs/Debug/configPkg/compiler.opt" "../i2cmasterexample1.c"
 
>> Compilation failure
subdir_rules.mk:9: recipe for target 'i2cmasterexample1.obj' failed
"../i2cmasterexample1.c", line 42: fatal error #1965: cannot open source file "msp.h"
1 catastrophic error detected in the compilation of "../i2cmasterexample1.c".
Compilation terminated.
gmake: *** [i2cmasterexample1.obj] Error 1
Building file: "../msp432_mpu6050.c"
Invoking: ARM Compiler
"C:/ti/ccs900/ccs/tools/compiler/ti-cgt-arm_18.12.3.LTS/bin/armcl" -mv7M4 --code_state=16 --float_support=FPv4SPD16 -me --include_path="C:/Users/Ted/Desktop/MSP432P401R_MPU6050_Workspace/i2cmasterexample1_MSP_EXP432P401R_tirtos_ccs" --include_path="C:/Users/Ted/Desktop/MSP432P401R_MPU6050_Workspace/i2cmasterexample1_MSP_EXP432P401R_tirtos_ccs/Debug" --include_path="C:/ti/simplelink_msp432p4_sdk_3_30_00_13/source" --include_path="C:/ti/simplelink_msp432p4_sdk_3_30_00_13/source/third_party/CMSIS/Include" --include_path="C:/ti/simplelink_msp432p4_sdk_3_30_00_13/source/ti/posix/ccs" --include_path="C:/ti/ccs900/ccs/tools/compiler/ti-cgt-arm_18.12.3.LTS/include" --advice:power=none -g --diag_warning=225 --diag_warning=255 --diag_wrap=off --display_error_number --gen_func_subsections=on --preproc_with_compile --preproc_dependency="msp432_mpu6050.d_raw" --include_path="C:/Users/Ted/Desktop/MSP432P401R_MPU6050_Workspace/i2cmasterexample1_MSP_EXP432P401R_tirtos_ccs/Debug/syscfg" --cmd_file="C:/Users/Ted/Desktop/MSP432P401R_MPU6050_Workspace/tirtos_builds_MSP_EXP432P401R_release_ccs/Debug/configPkg/compiler.opt" "../msp432_mpu6050.c"
 
>> Compilation failure
subdir_rules.mk:9: recipe for target 'msp432_mpu6050.obj' failed
"../msp432_mpu6050.c", line 7: fatal error #1965: cannot open source file "msp.h"
1 catastrophic error detected in the compilation of "../msp432_mpu6050.c".
Compilation terminated.
gmake: *** [msp432_mpu6050.obj] Error 1
Building file: "syscfg/ti_drivers_config.c"
Invoking: ARM Compiler
"C:/ti/ccs900/ccs/tools/compiler/ti-cgt-arm_18.12.3.LTS/bin/armcl" -mv7M4 --code_state=16 --float_support=FPv4SPD16 -me --include_path="C:/Users/Ted/Desktop/MSP432P401R_MPU6050_Workspace/i2cmasterexample1_MSP_EXP432P401R_tirtos_ccs" --include_path="C:/Users/Ted/Desktop/MSP432P401R_MPU6050_Workspace/i2cmasterexample1_MSP_EXP432P401R_tirtos_ccs/Debug" --include_path="C:/ti/simplelink_msp432p4_sdk_3_30_00_13/source" --include_path="C:/ti/simplelink_msp432p4_sdk_3_30_00_13/source/third_party/CMSIS/Include" --include_path="C:/ti/simplelink_msp432p4_sdk_3_30_00_13/source/ti/posix/ccs" --include_path="C:/ti/ccs900/ccs/tools/compiler/ti-cgt-arm_18.12.3.LTS/include" --advice:power=none -g --diag_warning=225 --diag_warning=255 --diag_wrap=off --display_error_number --gen_func_subsections=on --preproc_with_compile --preproc_dependency="syscfg/ti_drivers_config.d_raw" --include_path="C:/Users/Ted/Desktop/MSP432P401R_MPU6050_Workspace/i2cmasterexample1_MSP_EXP432P401R_tirtos_ccs/Debug/syscfg" --obj_directory="syscfg" --cmd_file="C:/Users/Ted/Desktop/MSP432P401R_MPU6050_Workspace/tirtos_builds_MSP_EXP432P401R_release_ccs/Debug/configPkg/compiler.opt" "syscfg/ti_drivers_config.c"
Finished building: "syscfg/ti_drivers_config.c"
 
Building file: "../main_tirtos.c"
Invoking: ARM Compiler
"C:/ti/ccs900/ccs/tools/compiler/ti-cgt-arm_18.12.3.LTS/bin/armcl" -mv7M4 --code_state=16 --float_support=FPv4SPD16 -me --include_path="C:/Users/Ted/Desktop/MSP432P401R_MPU6050_Workspace/i2cmasterexample1_MSP_EXP432P401R_tirtos_ccs" --include_path="C:/Users/Ted/Desktop/MSP432P401R_MPU6050_Workspace/i2cmasterexample1_MSP_EXP432P401R_tirtos_ccs/Debug" --include_path="C:/ti/simplelink_msp432p4_sdk_3_30_00_13/source" --include_path="C:/ti/simplelink_msp432p4_sdk_3_30_00_13/source/third_party/CMSIS/Include" --include_path="C:/ti/simplelink_msp432p4_sdk_3_30_00_13/source/ti/posix/ccs" --include_path="C:/ti/ccs900/ccs/tools/compiler/ti-cgt-arm_18.12.3.LTS/include" --advice:power=none -g --diag_warning=225 --diag_warning=255 --diag_wrap=off --display_error_number --gen_func_subsections=on --preproc_with_compile --preproc_dependency="main_tirtos.d_raw" --include_path="C:/Users/Ted/Desktop/MSP432P401R_MPU6050_Workspace/i2cmasterexample1_MSP_EXP432P401R_tirtos_ccs/Debug/syscfg" --cmd_file="C:/Users/Ted/Desktop/MSP432P401R_MPU6050_Workspace/tirtos_builds_MSP_EXP432P401R_release_ccs/Debug/configPkg/compiler.opt" "../main_tirtos.c"
Finished building: "../main_tirtos.c"
 
gmake: Target 'all' not remade because of errors.

**** Build Finished ****

**** Build of configuration Debug for project tirtos_builds_MSP_EXP432P401R_release_ccs ****

"C:\\ti\\ccs900\\ccs\\utils\\bin\\gmake" -k -j 12 all -O 
 
making ../src/sysbios/sysbios.aem4f ...
gmake[1]: Nothing to be done for 'all'.
gmake[1]: Nothing to be done for 'configPkg/linker.cmd'.
making ../src/sysbios/sysbios.aem4f ...
gmake[2]: Nothing to be done for 'all'.

**** Build Finished ****

**** Build of configuration Debug for project i2cmasterexample1_MSP_EXP432P401R_tirtos_ccs ****

"C:\\ti\\ccs900\\ccs\\utils\\bin\\gmake" -k -j 12 all -O 
 
Building file: "../msp432_mpu6050.c"
Invoking: ARM Compiler
"C:/ti/ccs900/ccs/tools/compiler/ti-cgt-arm_18.12.3.LTS/bin/armcl" -mv7M4 --code_state=16 --float_support=FPv4SPD16 -me --include_path="C:/Users/Ted/Desktop/MSP432P401R_MPU6050_Workspace/i2cmasterexample1_MSP_EXP432P401R_tirtos_ccs" --include_path="C:/Users/Ted/Desktop/MSP432P401R_MPU6050_Workspace/i2cmasterexample1_MSP_EXP432P401R_tirtos_ccs/Debug" --include_path="C:/ti/simplelink_msp432p4_sdk_3_30_00_13/source" --include_path="C:/ti/simplelink_msp432p4_sdk_3_30_00_13/source/third_party/CMSIS/Include" --include_path="C:/ti/simplelink_msp432p4_sdk_3_30_00_13/source/ti/posix/ccs" --include_path="C:/ti/ccs900/ccs/tools/compiler/ti-cgt-arm_18.12.3.LTS/include" --include_path="C:/ti/ccs900/ccs/ccs_base/arm/include" --advice:power=none -g --diag_warning=225 --diag_warning=255 --diag_wrap=off --display_error_number --gen_func_subsections=on --preproc_with_compile --preproc_dependency="msp432_mpu6050.d_raw" --include_path="C:/Users/Ted/Desktop/MSP432P401R_MPU6050_Workspace/i2cmasterexample1_MSP_EXP432P401R_tirtos_ccs/Debug/syscfg" --cmd_file="C:/Users/Ted/Desktop/MSP432P401R_MPU6050_Workspace/tirtos_builds_MSP_EXP432P401R_release_ccs/Debug/configPkg/compiler.opt" "../msp432_mpu6050.c"
 
>> Compilation failure
subdir_rules.mk:45: recipe for target 'msp432_mpu6050.obj' failed
"C:/ti/ccs900/ccs/ccs_base/arm/include/msp.h", line 79: fatal error #35: #error directive: "Failed to match a default include file"
1 catastrophic error detected in the compilation of "../msp432_mpu6050.c".
Compilation terminated.
gmake: *** [msp432_mpu6050.obj] Error 1
Building file: "../i2cmasterexample1.c"
Invoking: ARM Compiler
"C:/ti/ccs900/ccs/tools/compiler/ti-cgt-arm_18.12.3.LTS/bin/armcl" -mv7M4 --code_state=16 --float_support=FPv4SPD16 -me --include_path="C:/Users/Ted/Desktop/MSP432P401R_MPU6050_Workspace/i2cmasterexample1_MSP_EXP432P401R_tirtos_ccs" --include_path="C:/Users/Ted/Desktop/MSP432P401R_MPU6050_Workspace/i2cmasterexample1_MSP_EXP432P401R_tirtos_ccs/Debug" --include_path="C:/ti/simplelink_msp432p4_sdk_3_30_00_13/source" --include_path="C:/ti/simplelink_msp432p4_sdk_3_30_00_13/source/third_party/CMSIS/Include" --include_path="C:/ti/simplelink_msp432p4_sdk_3_30_00_13/source/ti/posix/ccs" --include_path="C:/ti/ccs900/ccs/tools/compiler/ti-cgt-arm_18.12.3.LTS/include" --include_path="C:/ti/ccs900/ccs/ccs_base/arm/include" --advice:power=none -g --diag_warning=225 --diag_warning=255 --diag_wrap=off --display_error_number --gen_func_subsections=on --preproc_with_compile --preproc_dependency="i2cmasterexample1.d_raw" --include_path="C:/Users/Ted/Desktop/MSP432P401R_MPU6050_Workspace/i2cmasterexample1_MSP_EXP432P401R_tirtos_ccs/Debug/syscfg" --cmd_file="C:/Users/Ted/Desktop/MSP432P401R_MPU6050_Workspace/tirtos_builds_MSP_EXP432P401R_release_ccs/Debug/configPkg/compiler.opt" "../i2cmasterexample1.c"
 
>> Compilation failure
subdir_rules.mk:9: recipe for target 'i2cmasterexample1.obj' failed
"C:/ti/ccs900/ccs/ccs_base/arm/include/msp.h", line 79: fatal error #35: #error directive: "Failed to match a default include file"
1 catastrophic error detected in the compilation of "../i2cmasterexample1.c".
Compilation terminated.
gmake: *** [i2cmasterexample1.obj] Error 1
gmake: Target 'all' not remade because of errors.

**** Build Finished ****

**** Build of configuration Debug for project tirtos_builds_MSP_EXP432P401R_release_ccs ****

"C:\\ti\\ccs900\\ccs\\utils\\bin\\gmake" -k -j 12 all -O 
 
making ../src/sysbios/sysbios.aem4f ...
gmake[1]: Nothing to be done for 'all'.
gmake[1]: Nothing to be done for 'configPkg/linker.cmd'.
making ../src/sysbios/sysbios.aem4f ...
gmake[2]: Nothing to be done for 'all'.

**** Build Finished ****

**** Build of configuration Debug for project i2cmasterexample1_MSP_EXP432P401R_tirtos_ccs ****

"C:\\ti\\ccs900\\ccs\\utils\\bin\\gmake" -k -j 12 all -O 
 
Building file: "../msp432_mpu6050.c"
Invoking: ARM Compiler
"C:/ti/ccs900/ccs/tools/compiler/ti-cgt-arm_18.12.3.LTS/bin/armcl" -mv7M4 --code_state=16 --float_support=FPv4SPD16 -me --include_path="C:/Users/Ted/Desktop/MSP432P401R_MPU6050_Workspace/i2cmasterexample1_MSP_EXP432P401R_tirtos_ccs" --include_path="C:/Users/Ted/Desktop/MSP432P401R_MPU6050_Workspace/i2cmasterexample1_MSP_EXP432P401R_tirtos_ccs/Debug" --include_path="C:/ti/simplelink_msp432p4_sdk_3_30_00_13/source" --include_path="C:/ti/simplelink_msp432p4_sdk_3_30_00_13/source/third_party/CMSIS/Include" --include_path="C:/ti/simplelink_msp432p4_sdk_3_30_00_13/source/ti/posix/ccs" --include_path="C:/ti/ccs900/ccs/tools/compiler/ti-cgt-arm_18.12.3.LTS/include" --include_path="C:/ti/ccs900/ccs/ccs_base/arm/include" --advice:power=none -g --diag_warning=225 --diag_warning=255 --diag_wrap=off --display_error_number --gen_func_subsections=on --preproc_with_compile --preproc_dependency="msp432_mpu6050.d_raw" --include_path="C:/Users/Ted/Desktop/MSP432P401R_MPU6050_Workspace/i2cmasterexample1_MSP_EXP432P401R_tirtos_ccs/Debug/syscfg" --cmd_file="C:/Users/Ted/Desktop/MSP432P401R_MPU6050_Workspace/tirtos_builds_MSP_EXP432P401R_release_ccs/Debug/configPkg/compiler.opt" "../msp432_mpu6050.c"
 
>> Compilation failure
subdir_rules.mk:45: recipe for target 'msp432_mpu6050.obj' failed
"C:/ti/ccs900/ccs/ccs_base/arm/include/msp.h", line 79: fatal error #35: #error directive: "Failed to match a default include file"
1 catastrophic error detected in the compilation of "../msp432_mpu6050.c".
Compilation terminated.
gmake: *** [msp432_mpu6050.obj] Error 1
Building file: "../i2cmasterexample1.c"
Invoking: ARM Compiler
"C:/ti/ccs900/ccs/tools/compiler/ti-cgt-arm_18.12.3.LTS/bin/armcl" -mv7M4 --code_state=16 --float_support=FPv4SPD16 -me --include_path="C:/Users/Ted/Desktop/MSP432P401R_MPU6050_Workspace/i2cmasterexample1_MSP_EXP432P401R_tirtos_ccs" --include_path="C:/Users/Ted/Desktop/MSP432P401R_MPU6050_Workspace/i2cmasterexample1_MSP_EXP432P401R_tirtos_ccs/Debug" --include_path="C:/ti/simplelink_msp432p4_sdk_3_30_00_13/source" --include_path="C:/ti/simplelink_msp432p4_sdk_3_30_00_13/source/third_party/CMSIS/Include" --include_path="C:/ti/simplelink_msp432p4_sdk_3_30_00_13/source/ti/posix/ccs" --include_path="C:/ti/ccs900/ccs/tools/compiler/ti-cgt-arm_18.12.3.LTS/include" --include_path="C:/ti/ccs900/ccs/ccs_base/arm/include" --advice:power=none --define=__MSP432P401R__ -g --diag_warning=225 --diag_warning=255 --diag_wrap=off --display_error_number --gen_func_subsections=on --preproc_with_compile --preproc_dependency="i2cmasterexample1.d_raw" --include_path="C:/Users/Ted/Desktop/MSP432P401R_MPU6050_Workspace/i2cmasterexample1_MSP_EXP432P401R_tirtos_ccs/Debug/syscfg" --cmd_file="C:/Users/Ted/Desktop/MSP432P401R_MPU6050_Workspace/tirtos_builds_MSP_EXP432P401R_release_ccs/Debug/configPkg/compiler.opt" "../i2cmasterexample1.c"
"../i2cmasterexample1.c", line 73: warning #112-D: statement is unreachable
Finished building: "../i2cmasterexample1.c"
 
gmake: Target 'all' not remade because of errors.

**** Build Finished ****

**** Build of configuration Debug for project tirtos_builds_MSP_EXP432P401R_release_ccs ****

"C:\\ti\\ccs900\\ccs\\utils\\bin\\gmake" -k -j 12 all -O 
 
making ../src/sysbios/sysbios.aem4f ...
gmake[1]: Nothing to be done for 'all'.
gmake[1]: Nothing to be done for 'configPkg/linker.cmd'.
making ../src/sysbios/sysbios.aem4f ...
gmake[2]: Nothing to be done for 'all'.

**** Build Finished ****

**** Build of configuration Debug for project i2cmasterexample1_MSP_EXP432P401R_tirtos_ccs ****

"C:\\ti\\ccs900\\ccs\\utils\\bin\\gmake" -k -j 12 all -O 
 
Building file: "../msp432_mpu6050.c"
Invoking: ARM Compiler
"C:/ti/ccs900/ccs/tools/compiler/ti-cgt-arm_18.12.3.LTS/bin/armcl" -mv7M4 --code_state=16 --float_support=FPv4SPD16 -me --include_path="C:/Users/Ted/Desktop/MSP432P401R_MPU6050_Workspace/i2cmasterexample1_MSP_EXP432P401R_tirtos_ccs" --include_path="C:/Users/Ted/Desktop/MSP432P401R_MPU6050_Workspace/i2cmasterexample1_MSP_EXP432P401R_tirtos_ccs/Debug" --include_path="C:/ti/simplelink_msp432p4_sdk_3_30_00_13/source" --include_path="C:/ti/simplelink_msp432p4_sdk_3_30_00_13/source/third_party/CMSIS/Include" --include_path="C:/ti/simplelink_msp432p4_sdk_3_30_00_13/source/ti/posix/ccs" --include_path="C:/ti/ccs900/ccs/tools/compiler/ti-cgt-arm_18.12.3.LTS/include" --include_path="C:/ti/ccs900/ccs/ccs_base/arm/include" --advice:power=none --define=__MSP432P401R__ -g --diag_warning=225 --diag_warning=255 --diag_wrap=off --display_error_number --gen_func_subsections=on --preproc_with_compile --preproc_dependency="msp432_mpu6050.d_raw" --include_path="C:/Users/Ted/Desktop/MSP432P401R_MPU6050_Workspace/i2cmasterexample1_MSP_EXP432P401R_tirtos_ccs/Debug/syscfg" --cmd_file="C:/Users/Ted/Desktop/MSP432P401R_MPU6050_Workspace/tirtos_builds_MSP_EXP432P401R_release_ccs/Debug/configPkg/compiler.opt" "../msp432_mpu6050.c"
Finished building: "../msp432_mpu6050.c"
 
Building target: "i2cmasterexample1_MSP_EXP432P401R_tirtos_ccs.out"
Invoking: ARM Linker
"C:/ti/ccs900/ccs/tools/compiler/ti-cgt-arm_18.12.3.LTS/bin/armcl" -mv7M4 --code_state=16 --float_support=FPv4SPD16 -me --advice:power=none -g --diag_warning=225 --diag_warning=255 --diag_wrap=off --display_error_number --gen_func_subsections=on -z -m"i2cmasterexample1_MSP_EXP432P401R_tirtos_ccs.map" -i"C:/ti/simplelink_msp432p4_sdk_3_30_00_13/source" -i"C:/ti/simplelink_msp432p4_sdk_3_30_00_13/kernel/tirtos/packages" -i"C:/ti/ccs900/ccs/tools/compiler/ti-cgt-arm_18.12.3.LTS/lib" --diag_wrap=off --display_error_number --warn_sections --xml_link_info="i2cmasterexample1_MSP_EXP432P401R_tirtos_ccs_linkInfo.xml" --rom_model -o "i2cmasterexample1_MSP_EXP432P401R_tirtos_ccs.out" "./i2cmasterexample1.obj" "./syscfg/ti_drivers_config.obj" "./main_tirtos.obj" "./msp432_mpu6050.obj" "../MSP_EXP432P401R_TIRTOS.cmd" -l"ti/display/lib/display.aem4f" -l"ti/grlib/lib/ccs/m4f/grlib.a" -l"third_party/spiffs/lib/ccs/m4f/spiffs.a" -l"ti/drivers/lib/drivers_msp432p401x.aem4f" -l"third_party/fatfs/lib/ccs/m4f/fatfs.a" -l"ti/dpl/lib/dpl_msp432p401x.aem4f" -l"C:/Users/Ted/Desktop/MSP432P401R_MPU6050_Workspace/tirtos_builds_MSP_EXP432P401R_release_ccs/Debug/configPkg/linker.cmd" -l"ti/devices/msp432p4xx/driverlib/ccs/msp432p4xx_driverlib.lib" -llibc.a 
<Linking>
Finished building target: "i2cmasterexample1_MSP_EXP432P401R_tirtos_ccs.out"
 

**** Build Finished ****

**** Build of configuration Debug for project tirtos_builds_MSP_EXP432P401R_release_ccs ****

"C:\\ti\\ccs900\\ccs\\utils\\bin\\gmake" -k -j 12 all -O 
 
making ../src/sysbios/sysbios.aem4f ...
gmake[1]: Nothing to be done for 'all'.
gmake[1]: Nothing to be done for 'configPkg/linker.cmd'.
making ../src/sysbios/sysbios.aem4f ...
gmake[2]: Nothing to be done for 'all'.

**** Build Finished ****

**** Build of configuration Debug for project i2cmasterexample1_MSP_EXP432P401R_tirtos_ccs ****

"C:\\ti\\ccs900\\ccs\\utils\\bin\\gmake" -k -j 12 all -O 
 
gmake[1]: 'i2cmasterexample1_MSP_EXP432P401R_tirtos_ccs.out' is up to date.

**** Build Finished ****
